c:\users\gyro1\onedrive\바탕 화면\gamecode\9_portfolio\230927_school_framework\framework\game1\x64\release\vc142.pdb
c:\users\gyro1\onedrive\바탕 화면\gamecode\9_portfolio\230927_school_framework\framework\game1\x64\release\town.obj
c:\users\gyro1\onedrive\바탕 화면\gamecode\9_portfolio\230927_school_framework\framework\game1\x64\release\skill.obj
c:\users\gyro1\onedrive\바탕 화면\gamecode\9_portfolio\230927_school_framework\framework\game1\x64\release\shop.obj
c:\users\gyro1\onedrive\바탕 화면\gamecode\9_portfolio\230927_school_framework\framework\game1\x64\release\pokemon.obj
c:\users\gyro1\onedrive\바탕 화면\gamecode\9_portfolio\230927_school_framework\framework\game1\x64\release\pokemenu.obj
c:\users\gyro1\onedrive\바탕 화면\gamecode\9_portfolio\230927_school_framework\framework\game1\x64\release\pokecenter.obj
c:\users\gyro1\onedrive\바탕 화면\gamecode\9_portfolio\230927_school_framework\framework\game1\x64\release\poke7.obj
c:\users\gyro1\onedrive\바탕 화면\gamecode\9_portfolio\230927_school_framework\framework\game1\x64\release\poke4.obj
c:\users\gyro1\onedrive\바탕 화면\gamecode\9_portfolio\230927_school_framework\framework\game1\x64\release\poke1.obj
c:\users\gyro1\onedrive\바탕 화면\gamecode\9_portfolio\230927_school_framework\framework\game1\x64\release\player.obj
c:\users\gyro1\onedrive\바탕 화면\gamecode\9_portfolio\230927_school_framework\framework\game1\x64\release\main.obj
c:\users\gyro1\onedrive\바탕 화면\gamecode\9_portfolio\230927_school_framework\framework\game1\x64\release\item.obj
c:\users\gyro1\onedrive\바탕 화면\gamecode\9_portfolio\230927_school_framework\framework\game1\x64\release\cave.obj
c:\users\gyro1\onedrive\바탕 화면\gamecode\9_portfolio\230927_school_framework\framework\game1\x64\release\battle.obj
c:\users\gyro1\onedrive\바탕 화면\gamecode\9_portfolio\230927_school_framework\framework\game1\x64\release\bagmenu.obj
c:\users\gyro1\onedrive\바탕 화면\gamecode\9_portfolio\230927_school_framework\framework\game1\x64\release\game1.tlog\cl.command.1.tlog
c:\users\gyro1\onedrive\바탕 화면\gamecode\9_portfolio\230927_school_framework\framework\game1\x64\release\game1.tlog\cl.read.1.tlog
c:\users\gyro1\onedrive\바탕 화면\gamecode\9_portfolio\230927_school_framework\framework\game1\x64\release\game1.tlog\cl.write.1.tlog
c:\users\gyro1\onedrive\바탕 화면\gamecode\9_portfolio\230927_school_framework\framework\game1\x64\release\game1.tlog\link.command.1.tlog
c:\users\gyro1\onedrive\바탕 화면\gamecode\9_portfolio\230927_school_framework\framework\game1\x64\release\game1.tlog\link.read.1.tlog
c:\users\gyro1\onedrive\바탕 화면\gamecode\9_portfolio\230927_school_framework\framework\game1\x64\release\game1.tlog\link.write.1.tlog
