d:\palworld_project\baseframework\directx3d\x64\debug\vc142.pdb
d:\palworld_project\baseframework\directx3d\x64\debug\vc142.idb
d:\palworld_project\baseframework\directx3d\x64\debug\basescene1.obj
d:\palworld_project\baseframework\directx3d\x64\debug\uimousemanager.obj
d:\palworld_project\baseframework\directx3d\x64\debug\modelrenderscene.obj
d:\palworld_project\baseframework\directx3d\x64\debug\itemui.obj
d:\palworld_project\baseframework\directx3d\x64\debug\ironspike.obj
d:\palworld_project\baseframework\directx3d\x64\debug\palsmanager.obj
d:\palworld_project\baseframework\directx3d\x64\debug\landscapemanager.obj
d:\palworld_project\baseframework\directx3d\x64\debug\itemmanager.obj
d:\palworld_project\baseframework\directx3d\x64\debug\gamemanager.obj
d:\palworld_project\baseframework\directx3d\x64\debug\directx3d.pch
d:\palworld_project\baseframework\directx3d\x64\debug\framework.obj
d:\palworld_project\baseframework\directx3d\x64\debug\modelanimator.obj
d:\palworld_project\baseframework\directx3d\x64\debug\model.obj
d:\palworld_project\baseframework\directx3d\x64\debug\transform.obj
d:\palworld_project\baseframework\directx3d\x64\debug\gamemath.obj
d:\palworld_project\baseframework\directx3d\x64\debug\shadow.obj
d:\palworld_project\baseframework\directx3d\x64\debug\refraction.obj
d:\palworld_project\baseframework\directx3d\x64\debug\reflection.obj
d:\palworld_project\baseframework\directx3d\x64\debug\fakeshadow.obj
d:\palworld_project\baseframework\directx3d\x64\debug\environment.obj
d:\palworld_project\baseframework\directx3d\x64\debug\camera.obj
d:\palworld_project\baseframework\directx3d\x64\debug\spherecollider.obj
d:\palworld_project\baseframework\directx3d\x64\debug\collider.obj
d:\palworld_project\baseframework\directx3d\x64\debug\capsulecollider.obj
d:\palworld_project\baseframework\directx3d\x64\debug\boxcollider.obj
d:\palworld_project\baseframework\directx3d\x64\debug\vertexbuffer.obj
d:\palworld_project\baseframework\directx3d\x64\debug\structuredbuffer.obj
d:\palworld_project\baseframework\directx3d\x64\debug\rawbuffer.obj
d:\palworld_project\baseframework\directx3d\x64\debug\indexbuffer.obj
d:\palworld_project\baseframework\directx3d\x64\debug\constbuffer.obj
d:\palworld_project\baseframework\directx3d\x64\debug\directx3d.obj
d:\palworld_project\baseframework\directx3d\x64\debug\samplerstate.obj
d:\palworld_project\baseframework\directx3d\x64\debug\rasterizerstate.obj
d:\palworld_project\baseframework\directx3d\x64\debug\depthstencilstate.obj
d:\palworld_project\baseframework\directx3d\x64\debug\blendstate.obj
d:\palworld_project\baseframework\directx3d\x64\debug\vertexshader.obj
d:\palworld_project\baseframework\directx3d\x64\debug\shader.obj
d:\palworld_project\baseframework\directx3d\x64\debug\pixelshader.obj
d:\palworld_project\baseframework\directx3d\x64\debug\hullshader.obj
d:\palworld_project\baseframework\directx3d\x64\debug\geometryshader.obj
d:\palworld_project\baseframework\directx3d\x64\debug\domainshader.obj
d:\palworld_project\baseframework\directx3d\x64\debug\computeshader.obj
d:\palworld_project\baseframework\directx3d\x64\debug\texture.obj
d:\palworld_project\baseframework\directx3d\x64\debug\rendertarget.obj
d:\palworld_project\baseframework\directx3d\x64\debug\material.obj
d:\palworld_project\baseframework\directx3d\x64\debug\depthstencil.obj
d:\palworld_project\baseframework\directx3d\x64\debug\modelmesh.obj
d:\palworld_project\baseframework\directx3d\x64\debug\modelinstancing.obj
d:\palworld_project\baseframework\directx3d\x64\debug\modelexporter.obj
d:\palworld_project\baseframework\directx3d\x64\debug\modelclip.obj
d:\palworld_project\baseframework\directx3d\x64\debug\modelanimatorinstancing.obj
d:\palworld_project\baseframework\directx3d\x64\debug\cube.obj
d:\palworld_project\baseframework\directx3d\x64\debug\node.obj
d:\palworld_project\baseframework\directx3d\x64\debug\heap.obj
d:\palworld_project\baseframework\directx3d\x64\debug\dijkstra.obj
d:\palworld_project\baseframework\directx3d\x64\debug\dnode.obj
d:\palworld_project\baseframework\directx3d\x64\debug\astar.obj
d:\palworld_project\baseframework\directx3d\x64\debug\actorui.obj
d:\palworld_project\baseframework\directx3d\x64\debug\scenemanager.obj
d:\palworld_project\baseframework\directx3d\x64\debug\tinyxml2.obj
d:\palworld_project\baseframework\directx3d\x64\debug\utility.obj
d:\palworld_project\baseframework\directx3d\x64\debug\timer.obj
d:\palworld_project\baseframework\directx3d\x64\debug\random.obj
d:\palworld_project\baseframework\directx3d\x64\debug\observer.obj
d:\palworld_project\baseframework\directx3d\x64\debug\keyboard.obj
d:\palworld_project\baseframework\directx3d\x64\debug\font.obj
d:\palworld_project\baseframework\directx3d\x64\debug\binarywriter.obj
d:\palworld_project\baseframework\directx3d\x64\debug\binaryreader.obj
d:\palworld_project\baseframework\directx3d\x64\debug\audio.obj
d:\palworld_project\baseframework\directx3d\x64\debug\device.obj
d:\palworld_project\baseframework\directx3d\x64\debug\crowbar.obj
d:\palworld_project\baseframework\directx3d\x64\debug\bullet.obj
d:\palworld_project\baseframework\directx3d\x64\debug\item.obj
d:\palworld_project\baseframework\directx3d\x64\debug\ingredient.obj
d:\palworld_project\baseframework\directx3d\x64\debug\equipment.obj
d:\palworld_project\baseframework\directx3d\x64\debug\consumable.obj
d:\palworld_project\baseframework\directx3d\x64\debug\robot.obj
d:\palworld_project\baseframework\directx3d\x64\debug\naruto.obj
d:\palworld_project\baseframework\directx3d\x64\debug\human.obj
d:\palworld_project\baseframework\directx3d\x64\debug\foxd.obj
d:\palworld_project\baseframework\directx3d\x64\debug\fox.obj
d:\palworld_project\baseframework\directx3d\x64\debug\player.obj
d:\palworld_project\baseframework\directx3d\x64\debug\penguin.obj
d:\palworld_project\baseframework\directx3d\x64\debug\pal.obj
d:\palworld_project\baseframework\directx3d\x64\debug\mammoth.obj
d:\palworld_project\baseframework\directx3d\x64\debug\darkwolf.obj
d:\palworld_project\baseframework\directx3d\x64\debug\sphere.obj
d:\palworld_project\baseframework\directx3d\x64\debug\quad.obj
d:\palworld_project\baseframework\directx3d\x64\debug\gameobject.obj
d:\palworld_project\baseframework\directx3d\x64\debug\cylinder.obj
d:\palworld_project\baseframework\directx3d\x64\debug\palspearmanager.obj
d:\palworld_project\baseframework\directx3d\x64\debug\mypalskillmanager.obj
d:\palworld_project\baseframework\directx3d\x64\debug\fieldpalskillmanager.obj
d:\palworld_project\baseframework\directx3d\x64\debug\astarmanager.obj
d:\palworld_project\baseframework\directx3d\x64\debug\water.obj
d:\palworld_project\baseframework\directx3d\x64\debug\tree.obj
d:\palworld_project\baseframework\directx3d\x64\debug\terrainlod.obj
d:\palworld_project\baseframework\directx3d\x64\debug\terraineditor.obj
d:\palworld_project\baseframework\directx3d\x64\debug\terraindata.obj
d:\palworld_project\baseframework\directx3d\x64\debug\terrain.obj
d:\palworld_project\baseframework\directx3d\x64\debug\skybox.obj
d:\palworld_project\baseframework\directx3d\x64\debug\rock.obj
d:\palworld_project\baseframework\directx3d\x64\debug\quadtreeterrain.obj
d:\palworld_project\baseframework\directx3d\x64\debug\ice.obj
d:\palworld_project\baseframework\directx3d\x64\debug\grass.obj
d:\palworld_project\baseframework\directx3d\x64\debug\palspear.obj
d:\palworld_project\baseframework\directx3d\x64\debug\kunai.obj
d:\palworld_project\baseframework\directx3d\x64\debug\palbox.obj
d:\palworld_project\baseframework\directx3d\x64\debug\tornado.obj
d:\palworld_project\baseframework\directx3d\x64\debug\skill.obj
d:\palworld_project\baseframework\directx3d\x64\debug\icespear.obj
d:\palworld_project\baseframework\directx3d\x64\debug\trail.obj
d:\palworld_project\baseframework\directx3d\x64\debug\sprite.obj
d:\palworld_project\baseframework\directx3d\x64\debug\spark.obj
d:\palworld_project\baseframework\directx3d\x64\debug\rain.obj
d:\palworld_project\baseframework\directx3d\x64\debug\particlesystem.obj
d:\palworld_project\baseframework\directx3d\x64\debug\particle.obj
d:\palworld_project\baseframework\directx3d\x64\debug\uimanager.obj
d:\palworld_project\baseframework\directx3d\x64\debug\robotmanager.obj
d:\palworld_project\baseframework\directx3d\x64\debug\kunaimanager.obj
d:\palworld_project\baseframework\directx3d\x64\debug\bulletmanager.obj
d:\palworld_project\baseframework\directx3d\x64\debug\blockmanager.obj
d:\palworld_project\baseframework\directx3d\x64\debug\structuremanager.obj
d:\palworld_project\baseframework\directx3d\x64\debug\playerpalsmanager.obj
d:\palworld_project\baseframework\directx3d\x64\debug\playermanager.obj
d:\palworld_project\baseframework\directx3d\x64\debug\billboardscene.obj
d:\palworld_project\baseframework\directx3d\x64\debug\astarscene.obj
d:\palworld_project\baseframework\directx3d\x64\debug\titlescene.obj
d:\palworld_project\baseframework\directx3d\x64\debug\loadingscene.obj
d:\palworld_project\baseframework\directx3d\x64\debug\workslot.obj
d:\palworld_project\baseframework\directx3d\x64\debug\workinfo.obj
d:\palworld_project\baseframework\directx3d\x64\debug\workbenchui.obj
d:\palworld_project\baseframework\directx3d\x64\debug\progressbar.obj
d:\palworld_project\baseframework\directx3d\x64\debug\partyui.obj
d:\palworld_project\baseframework\directx3d\x64\debug\partybox.obj
d:\palworld_project\baseframework\directx3d\x64\debug\palmodeui.obj
d:\palworld_project\baseframework\directx3d\x64\debug\palclickquad.obj
d:\palworld_project\baseframework\directx3d\x64\debug\palboxui.obj
d:\palworld_project\baseframework\directx3d\x64\debug\itemclickquad.obj
d:\palworld_project\baseframework\directx3d\x64\debug\fieldui.obj
d:\palworld_project\baseframework\directx3d\x64\debug\clickquad.obj
d:\palworld_project\baseframework\directx3d\x64\debug\buildui.obj
d:\palworld_project\baseframework\directx3d\x64\debug\workbench.obj
d:\palworld_project\baseframework\directx3d\x64\debug\terrainscene.obj
d:\palworld_project\baseframework\directx3d\x64\debug\terrainlodscene.obj
d:\palworld_project\baseframework\directx3d\x64\debug\terraineditorscene.obj
d:\palworld_project\baseframework\directx3d\x64\debug\spherescene.obj
d:\palworld_project\baseframework\directx3d\x64\debug\shadowscene.obj
d:\palworld_project\baseframework\directx3d\x64\debug\rendertargetscene.obj
d:\palworld_project\baseframework\directx3d\x64\debug\quadtreescene.obj
d:\palworld_project\baseframework\directx3d\x64\debug\particlescene.obj
d:\palworld_project\baseframework\directx3d\x64\debug\particleconfigscene.obj
d:\palworld_project\baseframework\directx3d\x64\debug\modelexportscene.obj
d:\palworld_project\baseframework\directx3d\x64\debug\modelanimationscene.obj
d:\palworld_project\baseframework\directx3d\x64\debug\lightscene.obj
d:\palworld_project\baseframework\directx3d\x64\debug\intancingscene.obj
d:\palworld_project\baseframework\directx3d\x64\debug\humanscene.obj
d:\palworld_project\baseframework\directx3d\x64\debug\gridscene.obj
d:\palworld_project\baseframework\directx3d\x64\debug\gamescene.obj
d:\palworld_project\baseframework\directx3d\x64\debug\dijkstrascene.obj
d:\palworld_project\baseframework\directx3d\x64\debug\cubescene.obj
d:\palworld_project\baseframework\directx3d\x64\debug\collisionscene.obj
d:\palworld_project\baseframework\directx3d\x64\debug\waterscene.obj
d:\palworld_project\baseframework\x64\debug\directx3d.lib
d:\palworld_project\baseframework\x64\debug\directx3d.exp
d:\palworld_project\baseframework\x64\debug\collider.cso
d:\palworld_project\baseframework\x64\debug\texture.cso
d:\palworld_project\baseframework\x64\debug\grid.cso
d:\palworld_project\baseframework\x64\debug\byteaddress.cso
d:\palworld_project\baseframework\x64\debug\computepicking.cso
d:\palworld_project\baseframework\x64\debug\particle.cso
d:\palworld_project\baseframework\x64\debug\billboard.cso
d:\palworld_project\baseframework\x64\debug\rain.cso
d:\palworld_project\baseframework\x64\debug\snow.cso
d:\palworld_project\baseframework\x64\debug\spark.cso
d:\palworld_project\baseframework\x64\debug\sprite.cso
d:\palworld_project\baseframework\x64\debug\skybox.cso
d:\palworld_project\baseframework\x64\debug\terrain.cso
d:\palworld_project\baseframework\x64\debug\terraineditor.cso
d:\palworld_project\baseframework\x64\debug\animgbuffer.cso
d:\palworld_project\baseframework\x64\debug\deferred.cso
d:\palworld_project\baseframework\x64\debug\depthmap.cso
d:\palworld_project\baseframework\x64\debug\gbuffer.cso
d:\palworld_project\baseframework\x64\debug\light.cso
d:\palworld_project\baseframework\x64\debug\shadow.cso
d:\palworld_project\baseframework\x64\debug\modelanimation.cso
d:\palworld_project\baseframework\x64\debug\modelanimationinstancing.cso
d:\palworld_project\baseframework\x64\debug\modelinstancing.cso
d:\palworld_project\baseframework\x64\debug\bloom.cso
d:\palworld_project\baseframework\x64\debug\fog.cso
d:\palworld_project\baseframework\x64\debug\progressbar.cso
d:\palworld_project\baseframework\x64\debug\directx3d.exe
d:\palworld_project\baseframework\directx3d\x64\debug\directx3d.ilk
d:\palworld_project\baseframework\x64\debug\directx3d.pdb
d:\palworld_project\baseframework\directx3d\x64\debug\directx3d.res
d:\palworld_project\baseframework\directx3d\x64\debug\directx3d.tlog\cl.command.1.tlog
d:\palworld_project\baseframework\directx3d\x64\debug\directx3d.tlog\cl.read.1.tlog
d:\palworld_project\baseframework\directx3d\x64\debug\directx3d.tlog\cl.write.1.tlog
d:\palworld_project\baseframework\directx3d\x64\debug\directx3d.tlog\directx3d.write.1u.tlog
d:\palworld_project\baseframework\directx3d\x64\debug\directx3d.tlog\fxc.command.1.tlog
d:\palworld_project\baseframework\directx3d\x64\debug\directx3d.tlog\fxc.read.1.tlog
d:\palworld_project\baseframework\directx3d\x64\debug\directx3d.tlog\fxc.write.1.tlog
d:\palworld_project\baseframework\directx3d\x64\debug\directx3d.tlog\link.command.1.tlog
d:\palworld_project\baseframework\directx3d\x64\debug\directx3d.tlog\link.read.1.tlog
d:\palworld_project\baseframework\directx3d\x64\debug\directx3d.tlog\link.write.1.tlog
d:\palworld_project\baseframework\directx3d\x64\debug\directx3d.tlog\rc.command.1.tlog
d:\palworld_project\baseframework\directx3d\x64\debug\directx3d.tlog\rc.read.1.tlog
d:\palworld_project\baseframework\directx3d\x64\debug\directx3d.tlog\rc.write.1.tlog
