c:\users\gyro1\onedrive\바탕 화면\gamecode\9_portfolio\231002_out_framework\framework\build\2dframework\obj\gui.obj
c:\users\gyro1\onedrive\바탕 화면\gamecode\9_portfolio\231002_out_framework\framework\build\2dframework\obj\random.obj
c:\users\gyro1\onedrive\바탕 화면\gamecode\9_portfolio\231002_out_framework\framework\build\2dframework\obj\obstar.obj
c:\users\gyro1\onedrive\바탕 화면\gamecode\9_portfolio\231002_out_framework\framework\build\2dframework\obj\utility.obj
c:\users\gyro1\onedrive\바탕 화면\gamecode\9_portfolio\231002_out_framework\framework\build\2dframework\obj\gameobject.obj
c:\users\gyro1\onedrive\바탕 화면\gamecode\9_portfolio\231002_out_framework\framework\build\2dframework\obj\obimage.obj
c:\users\gyro1\onedrive\바탕 화면\gamecode\9_portfolio\231002_out_framework\framework\build\2dframework\obj\shader.obj
c:\users\gyro1\onedrive\바탕 화면\gamecode\9_portfolio\231002_out_framework\framework\build\2dframework\obj\light.obj
c:\users\gyro1\onedrive\바탕 화면\gamecode\9_portfolio\231002_out_framework\framework\build\2dframework\obj\texture.obj
c:\users\gyro1\onedrive\바탕 화면\gamecode\9_portfolio\231002_out_framework\framework\build\2dframework\obj\obcircle.obj
c:\users\gyro1\onedrive\바탕 화면\gamecode\9_portfolio\231002_out_framework\framework\build\2dframework\obj\obline.obj
c:\users\gyro1\onedrive\바탕 화면\gamecode\9_portfolio\231002_out_framework\framework\build\2dframework\obj\window.obj
c:\users\gyro1\onedrive\바탕 화면\gamecode\9_portfolio\231002_out_framework\framework\build\2dframework\obj\camera.obj
c:\users\gyro1\onedrive\바탕 화면\gamecode\9_portfolio\231002_out_framework\framework\build\2dframework\obj\obtilemap.obj
c:\users\gyro1\onedrive\바탕 화면\gamecode\9_portfolio\231002_out_framework\framework\build\2dframework\obj\dwrite.obj
c:\users\gyro1\onedrive\바탕 화면\gamecode\9_portfolio\231002_out_framework\framework\build\2dframework\obj\timer.obj
c:\users\gyro1\onedrive\바탕 화면\gamecode\9_portfolio\231002_out_framework\framework\build\2dframework\obj\direct3d11.obj
c:\users\gyro1\onedrive\바탕 화면\gamecode\9_portfolio\231002_out_framework\framework\build\2dframework\obj\sound.obj
c:\users\gyro1\onedrive\바탕 화면\gamecode\9_portfolio\231002_out_framework\framework\build\2dframework\obj\obrect.obj
c:\users\gyro1\onedrive\바탕 화면\gamecode\9_portfolio\231002_out_framework\framework\build\2dframework\obj\input.obj
c:\users\gyro1\onedrive\바탕 화면\gamecode\9_portfolio\231002_out_framework\framework\build\2dframework\obj\scenemanager.obj
c:\users\gyro1\onedrive\바탕 화면\gamecode\9_portfolio\231002_out_framework\framework\build\2dframework\2dframework.pdb
c:\users\gyro1\onedrive\바탕 화면\gamecode\9_portfolio\231002_out_framework\framework\build\2dframework\2dframework.lib
c:\users\gyro1\onedrive\바탕 화면\gamecode\9_portfolio\231002_out_framework\framework\\build\2dframework\2dframework.pdb
c:\users\gyro1\onedrive\바탕 화면\gamecode\9_portfolio\231002_out_framework\framework\build\2dframework\obj\2dframework.tlog\cl.15764.write.1.tlog
c:\users\gyro1\onedrive\바탕 화면\gamecode\9_portfolio\231002_out_framework\framework\build\2dframework\obj\2dframework.tlog\cl.command.1.tlog
c:\users\gyro1\onedrive\바탕 화면\gamecode\9_portfolio\231002_out_framework\framework\build\2dframework\obj\2dframework.tlog\cl.read.1.tlog
c:\users\gyro1\onedrive\바탕 화면\gamecode\9_portfolio\231002_out_framework\framework\build\2dframework\obj\2dframework.tlog\lib-link.read.1.tlog
c:\users\gyro1\onedrive\바탕 화면\gamecode\9_portfolio\231002_out_framework\framework\build\2dframework\obj\2dframework.tlog\lib-link.write.1.tlog
c:\users\gyro1\onedrive\바탕 화면\gamecode\9_portfolio\231002_out_framework\framework\build\2dframework\obj\2dframework.tlog\lib.command.1.tlog
