c:\users\gyro1\onedrive\바탕 화면\gamecode\9_portfolio\231002_out_framework\framework\build\obj\battle.obj
c:\users\gyro1\onedrive\바탕 화면\gamecode\9_portfolio\231002_out_framework\framework\build\obj\poke1.obj
c:\users\gyro1\onedrive\바탕 화면\gamecode\9_portfolio\231002_out_framework\framework\build\obj\skill.obj
c:\users\gyro1\onedrive\바탕 화면\gamecode\9_portfolio\231002_out_framework\framework\build\obj\cave.obj
c:\users\gyro1\onedrive\바탕 화면\gamecode\9_portfolio\231002_out_framework\framework\build\obj\player.obj
c:\users\gyro1\onedrive\바탕 화면\gamecode\9_portfolio\231002_out_framework\framework\build\obj\pokemenu.obj
c:\users\gyro1\onedrive\바탕 화면\gamecode\9_portfolio\231002_out_framework\framework\build\obj\main.obj
c:\users\gyro1\onedrive\바탕 화면\gamecode\9_portfolio\231002_out_framework\framework\build\obj\pokecenter.obj
c:\users\gyro1\onedrive\바탕 화면\gamecode\9_portfolio\231002_out_framework\framework\build\obj\pokemon.obj
c:\users\gyro1\onedrive\바탕 화면\gamecode\9_portfolio\231002_out_framework\framework\build\obj\bagmenu.obj
c:\users\gyro1\onedrive\바탕 화면\gamecode\9_portfolio\231002_out_framework\framework\build\obj\item.obj
c:\users\gyro1\onedrive\바탕 화면\gamecode\9_portfolio\231002_out_framework\framework\build\obj\shop.obj
c:\users\gyro1\onedrive\바탕 화면\gamecode\9_portfolio\231002_out_framework\framework\build\obj\evolution.obj
c:\users\gyro1\onedrive\바탕 화면\gamecode\9_portfolio\231002_out_framework\framework\build\obj\poke4.obj
c:\users\gyro1\onedrive\바탕 화면\gamecode\9_portfolio\231002_out_framework\framework\build\obj\poke7.obj
c:\users\gyro1\onedrive\바탕 화면\gamecode\9_portfolio\231002_out_framework\framework\build\obj\town.obj
c:\users\gyro1\onedrive\바탕 화면\gamecode\9_portfolio\231002_out_framework\framework\build\obj\vc142.pdb
c:\users\gyro1\onedrive\바탕 화면\gamecode\9_portfolio\231002_out_framework\framework\build\game1.lib
c:\users\gyro1\onedrive\바탕 화면\gamecode\9_portfolio\231002_out_framework\framework\build\game1.exp
c:\users\gyro1\onedrive\바탕 화면\gamecode\9_portfolio\231002_out_framework\framework\build\game1.exe
c:\users\gyro1\onedrive\바탕 화면\gamecode\9_portfolio\231002_out_framework\framework\build\obj\game1.ilk
c:\users\gyro1\onedrive\바탕 화면\gamecode\9_portfolio\231002_out_framework\framework\build\game1.pdb
c:\users\gyro1\onedrive\바탕 화면\gamecode\9_portfolio\231002_out_framework\framework\build\obj\vc142.idb
c:\users\gyro1\onedrive\바탕 화면\gamecode\9_portfolio\231002_out_framework\framework\\build\game1.pdb
c:\users\gyro1\onedrive\바탕 화면\gamecode\9_portfolio\231002_out_framework\framework\build\obj\game1.tlog\cl.command.1.tlog
c:\users\gyro1\onedrive\바탕 화면\gamecode\9_portfolio\231002_out_framework\framework\build\obj\game1.tlog\cl.read.1.tlog
c:\users\gyro1\onedrive\바탕 화면\gamecode\9_portfolio\231002_out_framework\framework\build\obj\game1.tlog\cl.write.1.tlog
c:\users\gyro1\onedrive\바탕 화면\gamecode\9_portfolio\231002_out_framework\framework\build\obj\game1.tlog\game1.write.1u.tlog
c:\users\gyro1\onedrive\바탕 화면\gamecode\9_portfolio\231002_out_framework\framework\build\obj\game1.tlog\link.command.1.tlog
c:\users\gyro1\onedrive\바탕 화면\gamecode\9_portfolio\231002_out_framework\framework\build\obj\game1.tlog\link.read.1.tlog
c:\users\gyro1\onedrive\바탕 화면\gamecode\9_portfolio\231002_out_framework\framework\build\obj\game1.tlog\link.write.1.tlog
